# JRE version: 7.0_07-b10
# Java VM: Java HotSpot(TM) 64-Bit Server VM (23.3-b01 mixed mode windows-amd64 compressed oops)
Heap
 PSYoungGen      total 37632K, used 12747K [0x00000007d6000000, 0x00000007d8a00000, 0x0000000800000000)
  eden space 32256K, 30% used [0x00000007d6000000,0x00000007d69bad88,0x00000007d7f80000)
  from space 5376K, 51% used [0x00000007d84c0000,0x00000007d8777ea0,0x00000007d8a00000)
  to   space 5376K, 0% used [0x00000007d7f80000,0x00000007d7f80000,0x00000007d84c0000)
 ParOldGen       total 86016K, used 846K [0x0000000782000000, 0x0000000787400000, 0x00000007d6000000)
  object space 86016K, 0% used [0x0000000782000000,0x00000007820d3ae8,0x0000000787400000)
 PSPermGen       total 21248K, used 12455K [0x000000077ce00000, 0x000000077e2c0000, 0x0000000782000000)
  object space 21248K, 58% used [0x000000077ce00000,0x000000077da29cf8,0x000000077e2c0000)
GC Heap History (4 events):
Event: 41.483 GC heap before
{Heap before GC invocations=1 (full 0):
 PSYoungGen      total 37632K, used 32256K [0x00000007d6000000, 0x00000007d8a00000, 0x0000000800000000)
  eden space 32256K, 100% used [0x00000007d6000000,0x00000007d7f80000,0x00000007d7f80000)
  from space 5376K, 0% used [0x00000007d84c0000,0x00000007d84c0000,0x00000007d8a00000)
  to   space 5376K, 0% used [0x00000007d7f80000,0x00000007d7f80000,0x00000007d84c0000)
 ParOldGen       total 86016K, used 0K [0x0000000782000000, 0x0000000787400000, 0x00000007d6000000)
  object space 86016K, 0% used [0x0000000782000000,0x0000000782000000,0x0000000787400000)
 PSPermGen       total 21248K, used 12382K [0x000000077ce00000, 0x000000077e2c0000, 0x0000000782000000)
  object space 21248K, 58% used [0x000000077ce00000,0x000000077da17b30,0x000000077e2c0000)
Event: 41.486 GC heap after
Heap after GC invocations=1 (full 0):
 PSYoungGen      total 37632K, used 5358K [0x00000007d6000000, 0x00000007d8a00000, 0x0000000800000000)
  eden space 32256K, 0% used [0x00000007d6000000,0x00000007d6000000,0x00000007d7f80000)
  from space 5376K, 99% used [0x00000007d7f80000,0x00000007d84bbb80,0x00000007d84c0000)
  to   space 5376K, 0% used [0x00000007d84c0000,0x00000007d84c0000,0x00000007d8a00000)
 ParOldGen       total 86016K, used 838K [0x0000000782000000, 0x0000000787400000, 0x00000007d6000000)
  object space 86016K, 0% used [0x0000000782000000,0x00000007820d1ae8,0x0000000787400000)
 PSPermGen       total 21248K, used 12382K [0x000000077ce00000, 0x000000077e2c0000, 0x0000000782000000)
  object space 21248K, 58% used [0x000000077ce00000,0x000000077da17b30,0x000000077e2c0000)
}
Event: 55.829 GC heap before
{Heap before GC invocations=2 (full 0):
 PSYoungGen      total 37632K, used 37614K [0x00000007d6000000, 0x00000007d8a00000, 0x0000000800000000)
  eden space 32256K, 100% used [0x00000007d6000000,0x00000007d7f80000,0x00000007d7f80000)
  from space 5376K, 99% used [0x00000007d7f80000,0x00000007d84bbb80,0x00000007d84c0000)
  to   space 5376K, 0% used [0x00000007d84c0000,0x00000007d84c0000,0x00000007d8a00000)
 ParOldGen       total 86016K, used 838K [0x0000000782000000, 0x0000000787400000, 0x00000007d6000000)
  object space 86016K, 0% used [0x0000000782000000,0x00000007820d1ae8,0x0000000787400000)
 PSPermGen       total 21248K, used 12427K [0x000000077ce00000, 0x000000077e2c0000, 0x0000000782000000)
  object space 21248K, 58% used [0x000000077ce00000,0x000000077da22f38,0x000000077e2c0000)
Event: 55.831 GC heap after
Heap after GC invocations=2 (full 0):
 PSYoungGen      total 37632K, used 2783K [0x00000007d6000000, 0x00000007d8a00000, 0x0000000800000000)
  eden space 32256K, 0% used [0x00000007d6000000,0x00000007d6000000,0x00000007d7f80000)
  from space 5376K, 51% used [0x00000007d84c0000,0x00000007d8777ea0,0x00000007d8a00000)
  to   space 5376K, 0% used [0x00000007d7f80000,0x00000007d7f80000,0x00000007d84c0000)
 ParOldGen       total 86016K, used 846K [0x0000000782000000, 0x0000000787400000, 0x00000007d6000000)
  object space 86016K, 0% used [0x0000000782000000,0x00000007820d3ae8,0x0000000787400000)
 PSPermGen       total 21248K, used 12427K [0x000000077ce00000, 0x000000077e2c0000, 0x0000000782000000)
  object space 21248K, 58% used [0x000000077ce00000,0x000000077da22f38,0x000000077e2c0000)
}

